{"contracts/DaoNft.sol":{"l":{"19":0,"26":12,"27":12,"28":12,"29":12,"30":12,"31":12,"40":0,"49":0,"57":12,"64":0},"path":"/home/zarcc/Documents/GitHub/WEB3/Web3bridge-Web3-Cohort-XIII/onsite-program/submissions/week-6/day-3/Zacheus-Oluwasegun-GatedDao/contracts/DaoNft.sol","s":{"1":0,"2":12,"3":12,"4":12,"5":12,"6":12,"7":0,"8":0,"9":12,"10":0},"b":{"1":[12,0]},"f":{"1":6,"2":0,"3":12,"4":0,"5":0,"6":12,"7":0},"fnMap":{"1":{"name":"constructor","line":15,"loc":{"start":{"line":13,"column":4},"end":{"line":16,"column":5}}},"2":{"name":"_baseURI","line":18,"loc":{"start":{"line":18,"column":4},"end":{"line":20,"column":4}}},"3":{"name":"safeMint","line":22,"loc":{"start":{"line":22,"column":4},"end":{"line":32,"column":4}}},"4":{"name":"tokenURI","line":34,"loc":{"start":{"line":34,"column":4},"end":{"line":41,"column":4}}},"5":{"name":"supportsInterface","line":43,"loc":{"start":{"line":43,"column":4},"end":{"line":50,"column":4}}},"6":{"name":"_update","line":52,"loc":{"start":{"line":52,"column":4},"end":{"line":58,"column":4}}},"7":{"name":"_increaseBalance","line":60,"loc":{"start":{"line":60,"column":4},"end":{"line":65,"column":4}}}},"statementMap":{"1":{"start":{"line":19,"column":8},"end":{"line":19,"column":97}},"2":{"start":{"line":26,"column":8},"end":{"line":26,"column":65}},"3":{"start":{"line":27,"column":8},"end":{"line":27,"column":40}},"4":{"start":{"line":29,"column":8},"end":{"line":29,"column":37}},"5":{"start":{"line":30,"column":8},"end":{"line":30,"column":33}},"6":{"start":{"line":31,"column":8},"end":{"line":31,"column":22}},"7":{"start":{"line":40,"column":8},"end":{"line":40,"column":38}},"8":{"start":{"line":49,"column":8},"end":{"line":49,"column":51}},"9":{"start":{"line":57,"column":8},"end":{"line":57,"column":47}},"10":{"start":{"line":64,"column":8},"end":{"line":64,"column":46}}},"branchMap":{"1":{"line":26,"type":"if","locations":[{"start":{"line":26,"column":8},"end":{"line":26,"column":8}},{"start":{"line":26,"column":8},"end":{"line":26,"column":8}}]}}},"contracts/ERC7432Role.sol":{"l":{"17":11,"18":10,"30":10,"31":10,"32":10,"36":3,"37":3,"38":3,"48":6,"58":2,"61":2,"71":1,"72":1,"82":1,"83":1,"87":0},"path":"/home/zarcc/Documents/GitHub/WEB3/Web3bridge-Web3-Cohort-XIII/onsite-program/submissions/week-6/day-3/Zacheus-Oluwasegun-GatedDao/contracts/ERC7432Role.sol","s":{"1":11,"2":10,"3":3,"4":6,"5":2,"6":2,"7":1,"8":1,"9":1,"10":1,"11":0},"b":{"1":[10,1],"2":[10,1]},"f":{"1":11,"2":10,"3":3,"4":6,"5":2,"6":1,"7":1,"8":0},"fnMap":{"1":{"name":"validExpirationDate","line":16,"loc":{"start":{"line":16,"column":4},"end":{"line":19,"column":4}}},"2":{"name":"grantRole","line":29,"loc":{"start":{"line":21,"column":4},"end":{"line":33,"column":4}}},"3":{"name":"revokeRole","line":35,"loc":{"start":{"line":35,"column":4},"end":{"line":39,"column":4}}},"4":{"name":"hasRole","line":41,"loc":{"start":{"line":41,"column":4},"end":{"line":49,"column":4}}},"5":{"name":"hasUniqueRole","line":51,"loc":{"start":{"line":51,"column":4},"end":{"line":62,"column":4}}},"6":{"name":"roleData","line":64,"loc":{"start":{"line":64,"column":4},"end":{"line":73,"column":4}}},"7":{"name":"roleExpirationDate","line":75,"loc":{"start":{"line":75,"column":5},"end":{"line":84,"column":4}}},"8":{"name":"supportsInterface","line":86,"loc":{"start":{"line":86,"column":4},"end":{"line":88,"column":4}}}},"statementMap":{"1":{"start":{"line":17,"column":8},"end":{"line":17,"column":99}},"2":{"start":{"line":32,"column":8},"end":{"line":32,"column":90}},"3":{"start":{"line":38,"column":8},"end":{"line":38,"column":66}},"4":{"start":{"line":48,"column":8},"end":{"line":48,"column":115}},"5":{"start":{"line":58,"column":8},"end":{"line":58,"column":2255}},"6":{"start":{"line":61,"column":8},"end":{"line":61,"column":98}},"7":{"start":{"line":71,"column":8},"end":{"line":71,"column":103}},"8":{"start":{"line":72,"column":8},"end":{"line":72,"column":31}},"9":{"start":{"line":82,"column":8},"end":{"line":82,"column":103}},"10":{"start":{"line":83,"column":8},"end":{"line":83,"column":41}},"11":{"start":{"line":87,"column":8},"end":{"line":87,"column":56}}},"branchMap":{"1":{"line":17,"type":"if","locations":[{"start":{"line":17,"column":8},"end":{"line":17,"column":8}},{"start":{"line":17,"column":8},"end":{"line":17,"column":8}}]},"2":{"line":29,"type":"if","locations":[{"start":{"line":29,"column":15},"end":{"line":29,"column":15}},{"start":{"line":29,"column":15},"end":{"line":29,"column":15}}]}}},"contracts/GatedDao.sol":{"l":{"46":6,"47":6,"56":1,"64":1,"73":4,"81":4,"88":1,"94":1,"101":1,"107":1,"111":4,"112":4,"113":4,"124":0,"125":0,"126":0,"127":0,"128":0,"130":0,"136":0,"140":0,"141":0,"142":0,"152":0,"153":0,"154":0,"156":0,"157":0,"158":0,"160":0,"163":0,"167":0,"168":0,"169":0,"170":0,"172":0,"173":0,"177":4,"178":4,"183":4},"path":"/home/zarcc/Documents/GitHub/WEB3/Web3bridge-Web3-Cohort-XIII/onsite-program/submissions/week-6/day-3/Zacheus-Oluwasegun-GatedDao/contracts/GatedDao.sol","s":{"1":1,"2":1,"3":4,"4":4,"5":1,"6":1,"7":1,"8":1,"9":4,"10":4,"11":4,"12":0,"13":0,"14":0,"15":0,"16":0,"17":0,"18":0,"19":0,"20":0,"21":0,"22":0,"23":0,"24":0,"25":0,"26":0,"27":4,"28":4,"29":4},"b":{"1":[1,0],"2":[4,0],"3":[1,0],"4":[1,0],"5":[4,0],"6":[0,4],"7":[0,0],"8":[0,0],"9":[0,0],"10":[0,0],"11":[0,0],"12":[0,0],"13":[0,0],"14":[0,0],"15":[0,0],"16":[4,0]},"f":{"1":6,"2":1,"3":4,"4":1,"5":1,"6":4,"7":0,"8":0,"9":4},"fnMap":{"1":{"name":"constructor","line":45,"loc":{"start":{"line":41,"column":4},"end":{"line":48,"column":4}}},"2":{"name":"grantVoterRole","line":55,"loc":{"start":{"line":50,"column":4},"end":{"line":65,"column":4}}},"3":{"name":"grantProposerRole","line":72,"loc":{"start":{"line":67,"column":4},"end":{"line":82,"column":4}}},"4":{"name":"revokeVoterRole","line":87,"loc":{"start":{"line":84,"column":4},"end":{"line":95,"column":4}}},"5":{"name":"revokeProposerRole","line":100,"loc":{"start":{"line":97,"column":4},"end":{"line":108,"column":4}}},"6":{"name":"createProposal","line":110,"loc":{"start":{"line":110,"column":4},"end":{"line":137,"column":4}}},"7":{"name":"vote","line":139,"loc":{"start":{"line":139,"column":4},"end":{"line":164,"column":4}}},"8":{"name":"executeProposal","line":166,"loc":{"start":{"line":166,"column":4},"end":{"line":174,"column":4}}},"9":{"name":"getTokenId","line":176,"loc":{"start":{"line":176,"column":4},"end":{"line":184,"column":4}}}},"statementMap":{"1":{"start":{"line":56,"column":8},"end":{"line":56,"column":1708}},"2":{"start":{"line":64,"column":8},"end":{"line":64,"column":56}},"3":{"start":{"line":73,"column":8},"end":{"line":73,"column":2137}},"4":{"start":{"line":81,"column":8},"end":{"line":81,"column":59}},"5":{"start":{"line":88,"column":8},"end":{"line":88,"column":2508}},"6":{"start":{"line":94,"column":8},"end":{"line":94,"column":56}},"7":{"start":{"line":101,"column":8},"end":{"line":101,"column":2829}},"8":{"start":{"line":107,"column":8},"end":{"line":107,"column":59}},"9":{"start":{"line":111,"column":8},"end":{"line":111,"column":69}},"10":{"start":{"line":112,"column":8},"end":{"line":112,"column":48}},"11":{"start":{"line":113,"column":8},"end":{"line":113,"column":3234}},"12":{"start":{"line":124,"column":8},"end":{"line":124,"column":60}},"13":{"start":{"line":130,"column":8},"end":{"line":130,"column":3749}},"14":{"start":{"line":140,"column":8},"end":{"line":140,"column":69}},"15":{"start":{"line":141,"column":8},"end":{"line":141,"column":48}},"16":{"start":{"line":142,"column":8},"end":{"line":142,"column":4115}},"17":{"start":{"line":152,"column":8},"end":{"line":152,"column":58}},"18":{"start":{"line":153,"column":8},"end":{"line":153,"column":69}},"19":{"start":{"line":154,"column":8},"end":{"line":154,"column":63}},"20":{"start":{"line":157,"column":8},"end":{"line":157,"column":4621}},"21":{"start":{"line":163,"column":8},"end":{"line":163,"column":53}},"22":{"start":{"line":167,"column":8},"end":{"line":167,"column":58}},"23":{"start":{"line":168,"column":8},"end":{"line":168,"column":74}},"24":{"start":{"line":169,"column":8},"end":{"line":169,"column":54}},"25":{"start":{"line":170,"column":8},"end":{"line":170,"column":73}},"26":{"start":{"line":173,"column":8},"end":{"line":173,"column":42}},"27":{"start":{"line":177,"column":8},"end":{"line":177,"column":68}},"28":{"start":{"line":178,"column":8},"end":{"line":178,"column":5371}},"29":{"start":{"line":183,"column":8},"end":{"line":183,"column":22}}},"branchMap":{"1":{"line":55,"type":"if","locations":[{"start":{"line":55,"column":15},"end":{"line":55,"column":15}},{"start":{"line":55,"column":15},"end":{"line":55,"column":15}}]},"2":{"line":72,"type":"if","locations":[{"start":{"line":72,"column":15},"end":{"line":72,"column":15}},{"start":{"line":72,"column":15},"end":{"line":72,"column":15}}]},"3":{"line":87,"type":"if","locations":[{"start":{"line":87,"column":15},"end":{"line":87,"column":15}},{"start":{"line":87,"column":15},"end":{"line":87,"column":15}}]},"4":{"line":100,"type":"if","locations":[{"start":{"line":100,"column":15},"end":{"line":100,"column":15}},{"start":{"line":100,"column":15},"end":{"line":100,"column":15}}]},"5":{"line":111,"type":"if","locations":[{"start":{"line":111,"column":8},"end":{"line":111,"column":8}},{"start":{"line":111,"column":8},"end":{"line":111,"column":8}}]},"6":{"line":113,"type":"if","locations":[{"start":{"line":113,"column":8},"end":{"line":113,"column":8}},{"start":{"line":113,"column":8},"end":{"line":113,"column":8}}]},"7":{"line":140,"type":"if","locations":[{"start":{"line":140,"column":8},"end":{"line":140,"column":8}},{"start":{"line":140,"column":8},"end":{"line":140,"column":8}}]},"8":{"line":142,"type":"if","locations":[{"start":{"line":142,"column":8},"end":{"line":142,"column":8}},{"start":{"line":142,"column":8},"end":{"line":142,"column":8}}]},"9":{"line":153,"type":"if","locations":[{"start":{"line":153,"column":8},"end":{"line":153,"column":8}},{"start":{"line":153,"column":8},"end":{"line":153,"column":8}}]},"10":{"line":154,"type":"if","locations":[{"start":{"line":154,"column":8},"end":{"line":154,"column":8}},{"start":{"line":154,"column":8},"end":{"line":154,"column":8}}]},"11":{"line":157,"type":"if","locations":[{"start":{"line":157,"column":8},"end":{"line":157,"column":8}},{"start":{"line":157,"column":8},"end":{"line":157,"column":8}}]},"12":{"line":166,"type":"if","locations":[{"start":{"line":166,"column":59},"end":{"line":166,"column":59}},{"start":{"line":166,"column":59},"end":{"line":166,"column":59}}]},"13":{"line":168,"type":"if","locations":[{"start":{"line":168,"column":8},"end":{"line":168,"column":8}},{"start":{"line":168,"column":8},"end":{"line":168,"column":8}}]},"14":{"line":169,"type":"if","locations":[{"start":{"line":169,"column":8},"end":{"line":169,"column":8}},{"start":{"line":169,"column":8},"end":{"line":169,"column":8}}]},"15":{"line":170,"type":"if","locations":[{"start":{"line":170,"column":8},"end":{"line":170,"column":8}},{"start":{"line":170,"column":8},"end":{"line":170,"column":8}}]},"16":{"line":178,"type":"if","locations":[{"start":{"line":178,"column":8},"end":{"line":178,"column":8}},{"start":{"line":178,"column":8},"end":{"line":178,"column":8}}]}}}}